This is the Google Pub/Sub fake.
Implementation may be incomplete or differ from the real system.
Jan 09, 2020 6:56:11 PM com.google.cloud.pubsub.testing.v1.Main main
INFO: IAM integration is disabled. IAM policy methods and ACL checks are not supported
Jan 09, 2020 6:56:12 PM io.gapi.emulators.netty.NettyUtil applyJava7LongHostnameWorkaround
INFO: Unable to apply Java 7 long hostname workaround.
Jan 09, 2020 6:56:12 PM com.google.cloud.pubsub.testing.v1.Main main
INFO: Server started, listening on 8085
Jan 09, 2020 6:56:13 PM io.gapi.emulators.grpc.GrpcServer$3 operationComplete
INFO: Adding handler(s) to newly registered Channel.
Jan 09, 2020 6:56:57 PM io.gapi.emulators.grpc.GrpcServer$3 operationComplete
INFO: Adding handler(s) to newly registered Channel.
Jan 09, 2020 6:56:57 PM io.gapi.emulators.netty.HttpVersionRoutingHandler channelRead
INFO: Detected non-HTTP/2 connection.
Jan 09, 2020 6:56:57 PM io.gapi.emulators.grpc.GrpcServer$3 operationComplete
INFO: Adding handler(s) to newly registered Channel.
Jan 09, 2020 6:56:57 PM io.gapi.emulators.netty.NotFoundHandler handleRequest
INFO: Unknown request URI: /favicon.ico
Jan 09, 2020 6:56:57 PM io.gapi.emulators.grpc.GrpcServer$3 operationComplete
INFO: Adding handler(s) to newly registered Channel.
*** shutting down gRPC server since JVM is shutting down
*** server shut down
